Build started 7/9/2012 2:28:38 PM.
     1>Project "C:\tools\devil-1.7.8\DevIL\src-ILUT\msvc9\ILUT.vcxproj" on node 3 (build target(s)).
     1>InitializeBuildStatus:
         Touching "x64\x64\Release\ILUT.unsuccessfulbuild".
       ClCompile:
         All outputs are up-to-date.
       ResourceCompile:
         All outputs are up-to-date.
       Link:
         All outputs are up-to-date.
         c:\Program Files (x86)\Microsoft Visual Studio 10.0\VC\bin\x86_amd64\link.exe /ERRORREPORT:PROMPT /OUT:"ILUT.dll" /INCREMENTAL:NO /NOLOGO /LIBPATH:../../lib/vc9/x64 Gdi32.lib User32.lib Comdlg32.lib kernel32.lib user32.lib gdi32.lib winspool.lib comdlg32.lib advapi32.lib shell32.lib ole32.lib oleaut32.lib uuid.lib odbc32.lib odbccp32.lib Delayimp.lib /DEF:".\ilut.def" /DELAYLOAD:opengl32.dll /DELAYLOAD:glu32.dll /DELAYLOAD:d3d8.dll /DELAYLOAD:d3d9.dll /DELAYLOAD:sdl.dll /DELAYLOAD:alleg42.dll /DELAYLOAD:wininet.dll /MANIFEST /ManifestFile:"x64\x64\Release\ILUT.dll.intermediate.manifest" /MANIFESTUAC:"level='asInvoker' uiAccess='false'" /PDB:"../../lib/vc9/x64/ILUT.pdb" /TLBID:1 /DYNAMICBASE:NO /IMPLIB:"../../lib/vc9/x64/ILUT.lib" /MACHINE:X64 /DLL x64\x64\Release\ILUT.res
         .\../src/obj/ilut_allegro.obj
         .\../src/obj/ilut_directx.obj
         .\../src/obj/ilut_directx9.obj
         .\../src/obj/ilut_internal.obj
         .\../src/obj/ilut_main.obj
         .\../src/obj/ilut_opengl.obj
         .\../src/obj/ilut_sdlsurface.obj
         .\../src/obj/ilut_states.obj
         .\../src/obj/ilut_win32.obj
         .\../src/obj/ilut_x11.obj
         "C:\tools\devil-1.7.8\DevIL\lib\vc9\x64\ILU.lib"
         "C:\tools\devil-1.7.8\DevIL\lib\vc9\x64\DevIL.lib" /ignore:4197 
            Creating library ../../lib/vc9/x64/ILUT.lib and object ../../lib/vc9/x64/ILUT.exp
     1>LINK : warning LNK4199: /DELAYLOAD:d3d8.dll ignored; no imports found from d3d8.dll
     1>LINK : warning LNK4199: /DELAYLOAD:d3d9.dll ignored; no imports found from d3d9.dll
     1>LINK : warning LNK4199: /DELAYLOAD:sdl.dll ignored; no imports found from sdl.dll
     1>LINK : warning LNK4199: /DELAYLOAD:alleg42.dll ignored; no imports found from alleg42.dll
         ILUT.vcxproj -> C:\tools\devil-1.7.8\DevIL\src-ILUT\msvc9\ILUT.dll
       Manifest:
         C:\Program Files (x86)\Microsoft SDKs\Windows\v7.0A\bin\mt.exe /nologo /verbose /outputresource:"ILUT.dll;#2" /manifest x64\x64\Release\ILUT.dll.intermediate.manifest
       PostBuildEvent:
         copy C:\tools\devil-1.7.8\DevIL\src-ILUT\msvc9\ILUT.dll c:\windows\system32
         :VCEnd
                 1 file(s) copied.
       FinalizeBuildStatus:
         Deleting file "x64\x64\Release\ILUT.unsuccessfulbuild".
         Touching "x64\x64\Release\ILUT.lastbuildstate".
     1>Done Building Project "C:\tools\devil-1.7.8\DevIL\src-ILUT\msvc9\ILUT.vcxproj" (build target(s)).

Build succeeded.

Time Elapsed 00:00:00.20
