C:\tools\devil-1.7.8\DevIL\src-IL\msvc9\x64\x64\Release\cl.command.1.tlog
C:\tools\devil-1.7.8\DevIL\src-IL\msvc9\x64\x64\Release\CL.read.1.tlog
C:\tools\devil-1.7.8\DevIL\src-IL\msvc9\x64\x64\Release\CL.write.1.tlog
C:\TOOLS\DEVIL-1.7.8\DEVIL\SRC-IL\SRC\OBJ\X64\ALTIVEC_COMMON.OBJ
C:\TOOLS\DEVIL-1.7.8\DEVIL\SRC-IL\SRC\OBJ\X64\ALTIVEC_TYPECONVERSION.OBJ
C:\TOOLS\DEVIL-1.7.8\DEVIL\SRC-IL\SRC\OBJ\X64\IL_ALLOC.OBJ
C:\TOOLS\DEVIL-1.7.8\DEVIL\SRC-IL\SRC\OBJ\X64\IL_BITS.OBJ
C:\TOOLS\DEVIL-1.7.8\DEVIL\SRC-IL\SRC\OBJ\X64\IL_BLP.OBJ
C:\TOOLS\DEVIL-1.7.8\DEVIL\SRC-IL\SRC\OBJ\X64\IL_BMP.OBJ
C:\TOOLS\DEVIL-1.7.8\DEVIL\SRC-IL\SRC\OBJ\X64\IL_CONVBUFF.OBJ
C:\TOOLS\DEVIL-1.7.8\DEVIL\SRC-IL\SRC\OBJ\X64\IL_CONVERT.OBJ
C:\TOOLS\DEVIL-1.7.8\DEVIL\SRC-IL\SRC\OBJ\X64\IL_CUT.OBJ
C:\TOOLS\DEVIL-1.7.8\DEVIL\SRC-IL\SRC\OBJ\X64\IL_DCX.OBJ
C:\TOOLS\DEVIL-1.7.8\DEVIL\SRC-IL\SRC\OBJ\X64\IL_DDS.OBJ
C:\TOOLS\DEVIL-1.7.8\DEVIL\SRC-IL\SRC\OBJ\X64\IL_DDS-SAVE.OBJ
C:\TOOLS\DEVIL-1.7.8\DEVIL\SRC-IL\SRC\OBJ\X64\IL_DEVIL.OBJ
C:\TOOLS\DEVIL-1.7.8\DEVIL\SRC-IL\SRC\OBJ\X64\IL_DICOM.OBJ
C:\TOOLS\DEVIL-1.7.8\DEVIL\SRC-IL\SRC\OBJ\X64\IL_DOOM.OBJ
C:\TOOLS\DEVIL-1.7.8\DEVIL\SRC-IL\SRC\OBJ\X64\IL_DPX.OBJ
C:\TOOLS\DEVIL-1.7.8\DEVIL\SRC-IL\SRC\OBJ\X64\IL_ENDIAN.OBJ
C:\TOOLS\DEVIL-1.7.8\DEVIL\SRC-IL\SRC\OBJ\X64\IL_ERROR.OBJ
C:\TOOLS\DEVIL-1.7.8\DEVIL\SRC-IL\SRC\OBJ\X64\IL_FASTCONV.OBJ
C:\TOOLS\DEVIL-1.7.8\DEVIL\SRC-IL\SRC\OBJ\X64\IL_FILES.OBJ
C:\TOOLS\DEVIL-1.7.8\DEVIL\SRC-IL\SRC\OBJ\X64\IL_FITS.OBJ
C:\TOOLS\DEVIL-1.7.8\DEVIL\SRC-IL\SRC\OBJ\X64\IL_FTX.OBJ
C:\TOOLS\DEVIL-1.7.8\DEVIL\SRC-IL\SRC\OBJ\X64\IL_GIF.OBJ
C:\TOOLS\DEVIL-1.7.8\DEVIL\SRC-IL\SRC\OBJ\X64\IL_HDR.OBJ
C:\TOOLS\DEVIL-1.7.8\DEVIL\SRC-IL\SRC\OBJ\X64\IL_HEADER.OBJ
C:\TOOLS\DEVIL-1.7.8\DEVIL\SRC-IL\SRC\OBJ\X64\IL_ICNS.OBJ
C:\TOOLS\DEVIL-1.7.8\DEVIL\SRC-IL\SRC\OBJ\X64\IL_ICON.OBJ
C:\TOOLS\DEVIL-1.7.8\DEVIL\SRC-IL\SRC\OBJ\X64\IL_IFF.OBJ
C:\TOOLS\DEVIL-1.7.8\DEVIL\SRC-IL\SRC\OBJ\X64\IL_ILBM.OBJ
C:\TOOLS\DEVIL-1.7.8\DEVIL\SRC-IL\SRC\OBJ\X64\IL_INTERNAL.OBJ
C:\TOOLS\DEVIL-1.7.8\DEVIL\SRC-IL\SRC\OBJ\X64\IL_IO.OBJ
C:\TOOLS\DEVIL-1.7.8\DEVIL\SRC-IL\SRC\OBJ\X64\IL_IWI.OBJ
C:\TOOLS\DEVIL-1.7.8\DEVIL\SRC-IL\SRC\OBJ\X64\IL_JP2.OBJ
C:\TOOLS\DEVIL-1.7.8\DEVIL\SRC-IL\SRC\OBJ\X64\IL_JPEG.OBJ
C:\TOOLS\DEVIL-1.7.8\DEVIL\SRC-IL\SRC\OBJ\X64\IL_LIF.OBJ
C:\TOOLS\DEVIL-1.7.8\DEVIL\SRC-IL\SRC\OBJ\X64\IL_MAIN.OBJ
C:\TOOLS\DEVIL-1.7.8\DEVIL\SRC-IL\SRC\OBJ\X64\IL_MANIP.OBJ
C:\TOOLS\DEVIL-1.7.8\DEVIL\SRC-IL\SRC\OBJ\X64\IL_MDL.OBJ
C:\TOOLS\DEVIL-1.7.8\DEVIL\SRC-IL\SRC\OBJ\X64\IL_MNG.OBJ
C:\TOOLS\DEVIL-1.7.8\DEVIL\SRC-IL\SRC\OBJ\X64\IL_MP3.OBJ
C:\TOOLS\DEVIL-1.7.8\DEVIL\SRC-IL\SRC\OBJ\X64\IL_NEUQUANT.OBJ
C:\TOOLS\DEVIL-1.7.8\DEVIL\SRC-IL\SRC\OBJ\X64\IL_PAL.OBJ
C:\TOOLS\DEVIL-1.7.8\DEVIL\SRC-IL\SRC\OBJ\X64\IL_PCD.OBJ
C:\TOOLS\DEVIL-1.7.8\DEVIL\SRC-IL\SRC\OBJ\X64\IL_PCX.OBJ
C:\TOOLS\DEVIL-1.7.8\DEVIL\SRC-IL\SRC\OBJ\X64\IL_PIC.OBJ
C:\TOOLS\DEVIL-1.7.8\DEVIL\SRC-IL\SRC\OBJ\X64\IL_PIX.OBJ
C:\TOOLS\DEVIL-1.7.8\DEVIL\SRC-IL\SRC\OBJ\X64\IL_PNG.OBJ
C:\TOOLS\DEVIL-1.7.8\DEVIL\SRC-IL\SRC\OBJ\X64\IL_PNM.OBJ
C:\TOOLS\DEVIL-1.7.8\DEVIL\SRC-IL\SRC\OBJ\X64\IL_PROFILES.OBJ
C:\TOOLS\DEVIL-1.7.8\DEVIL\SRC-IL\SRC\OBJ\X64\IL_PSD.OBJ
C:\TOOLS\DEVIL-1.7.8\DEVIL\SRC-IL\SRC\OBJ\X64\IL_PSP.OBJ
C:\TOOLS\DEVIL-1.7.8\DEVIL\SRC-IL\SRC\OBJ\X64\IL_PXR.OBJ
C:\TOOLS\DEVIL-1.7.8\DEVIL\SRC-IL\SRC\OBJ\X64\IL_QUANTIZER.OBJ
C:\TOOLS\DEVIL-1.7.8\DEVIL\SRC-IL\SRC\OBJ\X64\IL_RAW.OBJ
C:\TOOLS\DEVIL-1.7.8\DEVIL\SRC-IL\SRC\OBJ\X64\IL_RAWDATA.OBJ
C:\TOOLS\DEVIL-1.7.8\DEVIL\SRC-IL\SRC\OBJ\X64\IL_REGISTER.OBJ
C:\TOOLS\DEVIL-1.7.8\DEVIL\SRC-IL\SRC\OBJ\X64\IL_RLE.OBJ
C:\TOOLS\DEVIL-1.7.8\DEVIL\SRC-IL\SRC\OBJ\X64\IL_ROT.OBJ
C:\TOOLS\DEVIL-1.7.8\DEVIL\SRC-IL\SRC\OBJ\X64\IL_SGI.OBJ
C:\TOOLS\DEVIL-1.7.8\DEVIL\SRC-IL\SRC\OBJ\X64\IL_SIZE.OBJ
C:\TOOLS\DEVIL-1.7.8\DEVIL\SRC-IL\SRC\OBJ\X64\IL_STACK.OBJ
C:\TOOLS\DEVIL-1.7.8\DEVIL\SRC-IL\SRC\OBJ\X64\IL_STATES.OBJ
C:\TOOLS\DEVIL-1.7.8\DEVIL\SRC-IL\SRC\OBJ\X64\IL_SUN.OBJ
C:\TOOLS\DEVIL-1.7.8\DEVIL\SRC-IL\SRC\OBJ\X64\IL_TARGA.OBJ
C:\TOOLS\DEVIL-1.7.8\DEVIL\SRC-IL\SRC\OBJ\X64\IL_TEXTURE.OBJ
C:\TOOLS\DEVIL-1.7.8\DEVIL\SRC-IL\SRC\OBJ\X64\IL_TIFF.OBJ
C:\TOOLS\DEVIL-1.7.8\DEVIL\SRC-IL\SRC\OBJ\X64\IL_TPL.OBJ
C:\TOOLS\DEVIL-1.7.8\DEVIL\SRC-IL\SRC\OBJ\X64\IL_UTILITY.OBJ
C:\TOOLS\DEVIL-1.7.8\DEVIL\SRC-IL\SRC\OBJ\X64\IL_VTF.OBJ
C:\TOOLS\DEVIL-1.7.8\DEVIL\SRC-IL\SRC\OBJ\X64\IL_WAL.OBJ
C:\TOOLS\DEVIL-1.7.8\DEVIL\SRC-IL\SRC\OBJ\X64\IL_WBMP.OBJ
C:\TOOLS\DEVIL-1.7.8\DEVIL\SRC-IL\SRC\OBJ\X64\IL_XPM.OBJ
