C:\zSpace\zSpaceSDK\2.8.0.14536\Samples\VCBuildCustomNonCmake\HoloTerrain\Debug\HoloTerrain.pdb
C:\zSpace\zSpaceSDK\2.8.0.14536\Samples\VCBuildCustomNonCmake\HoloTerrain\HoloTerrain\Debug\cl.command.1.tlog
C:\zSpace\zSpaceSDK\2.8.0.14536\Samples\VCBuildCustomNonCmake\HoloTerrain\HoloTerrain\Debug\CL.read.1.tlog
C:\zSpace\zSpaceSDK\2.8.0.14536\Samples\VCBuildCustomNonCmake\HoloTerrain\HoloTerrain\Debug\CL.write.1.tlog
C:\ZSPACE\ZSPACESDK\2.8.0.14536\SAMPLES\VCBUILDCUSTOMNONCMAKE\HOLOTERRAIN\HOLOTERRAIN\DEBUG\COLOR3F.OBJ
C:\ZSPACE\ZSPACESDK\2.8.0.14536\SAMPLES\VCBUILDCUSTOMNONCMAKE\HOLOTERRAIN\HOLOTERRAIN\DEBUG\CUBE.OBJ
C:\ZSPACE\ZSPACESDK\2.8.0.14536\SAMPLES\VCBUILDCUSTOMNONCMAKE\HOLOTERRAIN\HOLOTERRAIN\DEBUG\CUSTOMSTEREONOTRACKING.OBJ
C:\zSpace\zSpaceSDK\2.8.0.14536\Samples\VCBuildCustomNonCmake\HoloTerrain\HoloTerrain\Debug\HoloTerrain.exe.intermediate.manifest
C:\zSpace\zSpaceSDK\2.8.0.14536\Samples\VCBuildCustomNonCmake\HoloTerrain\HoloTerrain\Debug\link.command.1.tlog
C:\zSpace\zSpaceSDK\2.8.0.14536\Samples\VCBuildCustomNonCmake\HoloTerrain\HoloTerrain\Debug\link.read.1.tlog
C:\zSpace\zSpaceSDK\2.8.0.14536\Samples\VCBuildCustomNonCmake\HoloTerrain\HoloTerrain\Debug\link.write.1.tlog
C:\ZSPACE\ZSPACESDK\2.8.0.14536\SAMPLES\VCBUILDCUSTOMNONCMAKE\HOLOTERRAIN\HOLOTERRAIN\DEBUG\MATH_3D.OBJ
C:\ZSPACE\ZSPACESDK\2.8.0.14536\SAMPLES\VCBUILDCUSTOMNONCMAKE\HOLOTERRAIN\HOLOTERRAIN\DEBUG\MATHHELPER.OBJ
C:\ZSPACE\ZSPACESDK\2.8.0.14536\SAMPLES\VCBUILDCUSTOMNONCMAKE\HOLOTERRAIN\HOLOTERRAIN\DEBUG\OBJECTTRACKER.OBJ
C:\ZSPACE\ZSPACESDK\2.8.0.14536\SAMPLES\VCBUILDCUSTOMNONCMAKE\HOLOTERRAIN\HOLOTERRAIN\DEBUG\OPENGLSCENE.OBJ
C:\ZSPACE\ZSPACESDK\2.8.0.14536\SAMPLES\VCBUILDCUSTOMNONCMAKE\HOLOTERRAIN\HOLOTERRAIN\DEBUG\OPENGLWINDOW.OBJ
C:\ZSPACE\ZSPACESDK\2.8.0.14536\SAMPLES\VCBUILDCUSTOMNONCMAKE\HOLOTERRAIN\HOLOTERRAIN\DEBUG\SOCKETCOM.OBJ
C:\ZSPACE\ZSPACESDK\2.8.0.14536\SAMPLES\VCBUILDCUSTOMNONCMAKE\HOLOTERRAIN\HOLOTERRAIN\DEBUG\TABLETSERVER.OBJ
C:\ZSPACE\ZSPACESDK\2.8.0.14536\SAMPLES\VCBUILDCUSTOMNONCMAKE\HOLOTERRAIN\HOLOTERRAIN\DEBUG\TERRAIN.OBJ
C:\zSpace\zSpaceSDK\2.8.0.14536\Samples\VCBuildCustomNonCmake\HoloTerrain\HoloTerrain\Debug\vc100.idb
C:\ZSPACE\ZSPACESDK\2.8.0.14536\SAMPLES\VCBUILDCUSTOMNONCMAKE\HOLOTERRAIN\HOLOTERRAIN\DEBUG\VC100.PDB
