C:\VisBox_Development_Pack\EbonGL\x64\Debug\cl.command.1.tlog
C:\VisBox_Development_Pack\EbonGL\x64\Debug\CL.read.1.tlog
C:\VisBox_Development_Pack\EbonGL\x64\Debug\CL.write.1.tlog
C:\VISBOX_DEVELOPMENT_PACK\EBONGL\X64\DEBUG\EG_BOOLVECTOR.OBJ
C:\VISBOX_DEVELOPMENT_PACK\EBONGL\X64\DEBUG\EG_COLOR.OBJ
C:\VISBOX_DEVELOPMENT_PACK\EBONGL\X64\DEBUG\EG_CONFIGCOMMENTS.OBJ
C:\VISBOX_DEVELOPMENT_PACK\EBONGL\X64\DEBUG\EG_CONFIGWRITER.OBJ
C:\VISBOX_DEVELOPMENT_PACK\EBONGL\X64\DEBUG\EG_CONFIGWRITERINT.OBJ
C:\VISBOX_DEVELOPMENT_PACK\EBONGL\X64\DEBUG\EG_CUBOID.OBJ
C:\VISBOX_DEVELOPMENT_PACK\EBONGL\X64\DEBUG\EG_CYLINDER.OBJ
C:\VISBOX_DEVELOPMENT_PACK\EBONGL\X64\DEBUG\EG_ENGINE.OBJ
C:\VISBOX_DEVELOPMENT_PACK\EBONGL\X64\DEBUG\EG_ENGINEINT.OBJ
C:\VISBOX_DEVELOPMENT_PACK\EBONGL\X64\DEBUG\EG_LIGHT.OBJ
C:\VISBOX_DEVELOPMENT_PACK\EBONGL\X64\DEBUG\EG_LOGWRITER.OBJ
C:\VISBOX_DEVELOPMENT_PACK\EBONGL\X64\DEBUG\EG_MODEL.OBJ
C:\VISBOX_DEVELOPMENT_PACK\EBONGL\X64\DEBUG\EG_MODELDATA.OBJ
C:\VISBOX_DEVELOPMENT_PACK\EBONGL\X64\DEBUG\EG_MODELINT.OBJ
C:\VISBOX_DEVELOPMENT_PACK\EBONGL\X64\DEBUG\EG_MUTEX.OBJ
C:\VISBOX_DEVELOPMENT_PACK\EBONGL\X64\DEBUG\EG_OBJECT.OBJ
C:\VISBOX_DEVELOPMENT_PACK\EBONGL\X64\DEBUG\EG_POINTLIST.OBJ
C:\VISBOX_DEVELOPMENT_PACK\EBONGL\X64\DEBUG\EG_POLYGON.OBJ
C:\VISBOX_DEVELOPMENT_PACK\EBONGL\X64\DEBUG\EG_SAFESCENE.OBJ
C:\VISBOX_DEVELOPMENT_PACK\EBONGL\X64\DEBUG\EG_SCENEELEMENT.OBJ
C:\VISBOX_DEVELOPMENT_PACK\EBONGL\X64\DEBUG\EG_SPHERE.OBJ
C:\VISBOX_DEVELOPMENT_PACK\EBONGL\X64\DEBUG\EG_STRING.OBJ
C:\VISBOX_DEVELOPMENT_PACK\EBONGL\X64\DEBUG\EG_STRINGINTERNAL.OBJ
C:\VISBOX_DEVELOPMENT_PACK\EBONGL\X64\DEBUG\EG_TIMEKEEPER.OBJ
C:\VISBOX_DEVELOPMENT_PACK\EBONGL\X64\DEBUG\EG_UTILS.OBJ
C:\VisBox_Development_Pack\EbonGL\x64\Debug\lib.command.1.tlog
C:\VISBOX_DEVELOPMENT_PACK\EBONGL\X64\DEBUG\LIBEBONGL_D.LIB
C:\VisBox_Development_Pack\EbonGL\x64\Debug\Lib-link.read.1.tlog
C:\VisBox_Development_Pack\EbonGL\x64\Debug\Lib-link.write.1.tlog
C:\VisBox_Development_Pack\EbonGL\x64\Debug\vc100.idb
C:\VISBOX_DEVELOPMENT_PACK\EBONGL\X64\DEBUG\VC100.PDB
